<?xml version="1.0" encoding="UTF-8"?>
<!-- Generated by org.testng.reporters.JUnitXMLReporter -->
<testsuite ignored="0" hostname="DESKTOP-VNAPOA4" failures="0" tests="3" name="Default test" time="27.57" errors="0" timestamp="2025-02-26T22:31:55 IST">
  <testcase classname="testCases.TC003_LoginwithDataProvider" name="login_with_valid_creds" time="3.016"/>
  <testcase classname="testCases.TC003_LoginwithDataProvider" name="login_with_valid_creds" time="2.752"/>
  <testcase classname="testCases.TC003_LoginwithDataProvider" name="login_with_valid_creds" time="12.004"/>
</testsuite> <!-- Default test -->
