<?xml version="1.0" encoding="UTF-8"?>
<!-- Generated by org.testng.reporters.JUnitXMLReporter -->
<testsuite ignored="0" hostname="DESKTOP-VNAPOA4" failures="2" tests="7" name="Test" time="64.117" errors="0" timestamp="2025-03-01T22:56:03 IST">
  <testcase classname="testCases.TC001_AccountRegistrationTest" name="new_registration" time="4.795"/>
  <testcase classname="testCases.TC003_LoginwithDataProvider" name="login_with_data_providers" time="2.501"/>
  <testcase classname="testCases.TC003_LoginwithDataProvider" name="login_with_data_providers" time="1.953"/>
  <testcase classname="testCases.TC003_LoginwithDataProvider" name="login_with_data_providers" time="11.707"/>
  <testcase classname="testCases.TC003_LoginwithDataProvider" name="login_with_data_providers" time="1.438">
    <failure type="java.lang.AssertionError" message="expected [true] but found [false]">
      <![CDATA[java.lang.AssertionError: expected [true] but found [false]
at testCases.TC003_LoginwithDataProvider.login_with_data_providers(TC003_LoginwithDataProvider.java:47)
at java.base/java.util.ArrayList.forEach(ArrayList.java:1596)
... Removed 29 stack frames]]>
    </failure>
  </testcase> <!-- login_with_data_providers -->
  <testcase classname="testCases.TC003_LoginwithDataProvider" name="login_with_data_providers" time="10.14">
    <failure type="java.lang.AssertionError" message="null">
      <![CDATA[java.lang.AssertionError: null
at testCases.TC003_LoginwithDataProvider.login_with_data_providers(TC003_LoginwithDataProvider.java:55)
at java.base/java.util.ArrayList.forEach(ArrayList.java:1596)
... Removed 27 stack frames]]>
    </failure>
  </testcase> <!-- login_with_data_providers -->
  <testcase classname="testCases.TC002_LoginWithCreds" name="login_with_valid_creds" time="1.544"/>
</testsuite> <!-- Test -->
