<?xml version="1.0" encoding="UTF-8"?>
<testng-results ignored="0" total="7" passed="5" failed="2" skipped="0">
  <reporter-output>
  </reporter-output>
  <suite started-at="2025-03-01T22:54:58 IST" name="Suite" finished-at="2025-03-01T22:56:02 IST" duration-ms="64117">
    <groups>
      <group name="regression">
        <method signature="TC001_AccountRegistrationTest.new_registration()[pri:0, instance:testCases.TC001_AccountRegistrationTest@29a0cdb]" name="new_registration" class="testCases.TC001_AccountRegistrationTest"/>
      </group> <!-- regression -->
      <group name="sanity">
        <method signature="TC002_LoginWithCreds.login_with_valid_creds()[pri:0, instance:testCases.TC002_LoginWithCreds@4ed5eb72]" name="login_with_valid_creds" class="testCases.TC002_LoginWithCreds"/>
      </group> <!-- sanity -->
      <group name="master">
        <method signature="TC001_AccountRegistrationTest.new_registration()[pri:0, instance:testCases.TC001_AccountRegistrationTest@29a0cdb]" name="new_registration" class="testCases.TC001_AccountRegistrationTest"/>
        <method signature="TC002_LoginWithCreds.login_with_valid_creds()[pri:0, instance:testCases.TC002_LoginWithCreds@4ed5eb72]" name="login_with_valid_creds" class="testCases.TC002_LoginWithCreds"/>
        <method signature="TC003_LoginwithDataProvider.login_with_data_providers(java.lang.String,java.lang.String,java.lang.String)[pri:0, instance:testCases.TC003_LoginwithDataProvider@31dadd46]" name="login_with_data_providers" class="testCases.TC003_LoginwithDataProvider"/>
      </group> <!-- master -->
    </groups>
    <test started-at="2025-03-01T22:54:58 IST" name="Test" finished-at="2025-03-01T22:56:02 IST" duration-ms="64117">
      <class name="testCases.TC001_AccountRegistrationTest">
        <test-method is-config="true" signature="setUp(java.lang.String,java.lang.String)[pri:0, instance:testCases.TC001_AccountRegistrationTest@29a0cdb]" started-at="2025-03-01T22:54:59 IST" name="setUp" finished-at="2025-03-01T22:55:13 IST" duration-ms="14156" status="PASS">
          <params>
            <param index="0">
              <value>
                <![CDATA[windows]]>
              </value>
            </param>
            <param index="1">
              <value>
                <![CDATA[chrome]]>
              </value>
            </param>
          </params>
          <reporter-output>
          </reporter-output>
        </test-method> <!-- setUp -->
        <test-method signature="new_registration()[pri:0, instance:testCases.TC001_AccountRegistrationTest@29a0cdb]" started-at="2025-03-01T22:55:13 IST" name="new_registration" finished-at="2025-03-01T22:55:18 IST" duration-ms="4795" status="PASS">
          <reporter-output>
          </reporter-output>
        </test-method> <!-- new_registration -->
        <test-method is-config="true" signature="tearDown()[pri:0, instance:testCases.TC001_AccountRegistrationTest@29a0cdb]" started-at="2025-03-01T22:55:18 IST" name="tearDown" finished-at="2025-03-01T22:55:18 IST" duration-ms="312" status="PASS">
          <reporter-output>
          </reporter-output>
        </test-method> <!-- tearDown -->
      </class> <!-- testCases.TC001_AccountRegistrationTest -->
      <class name="testCases.TC003_LoginwithDataProvider">
        <test-method is-config="true" signature="setUp(java.lang.String,java.lang.String)[pri:0, instance:testCases.TC003_LoginwithDataProvider@31dadd46]" started-at="2025-03-01T22:55:18 IST" name="setUp" finished-at="2025-03-01T22:55:22 IST" duration-ms="3911" status="PASS">
          <params>
            <param index="0">
              <value>
                <![CDATA[windows]]>
              </value>
            </param>
            <param index="1">
              <value>
                <![CDATA[chrome]]>
              </value>
            </param>
          </params>
          <reporter-output>
          </reporter-output>
        </test-method> <!-- setUp -->
        <test-method signature="login_with_data_providers(java.lang.String,java.lang.String,java.lang.String)[pri:0, instance:testCases.TC003_LoginwithDataProvider@31dadd46]" started-at="2025-03-01T22:55:25 IST" name="login_with_data_providers" data-provider="LoginData" finished-at="2025-03-01T22:55:27 IST" duration-ms="2501" status="PASS">
          <params>
            <param index="0">
              <value>
                <![CDATA[vidyadevv@gmail.com]]>
              </value>
            </param>
            <param index="1">
              <value>
                <![CDATA[vidya@999]]>
              </value>
            </param>
            <param index="2">
              <value>
                <![CDATA[valid]]>
              </value>
            </param>
          </params>
          <reporter-output>
          </reporter-output>
        </test-method> <!-- login_with_data_providers -->
        <test-method signature="login_with_data_providers(java.lang.String,java.lang.String,java.lang.String)[pri:0, instance:testCases.TC003_LoginwithDataProvider@31dadd46]" started-at="2025-03-01T22:55:27 IST" name="login_with_data_providers" data-provider="LoginData" finished-at="2025-03-01T22:55:29 IST" duration-ms="1953" status="PASS">
          <params>
            <param index="0">
              <value>
                <![CDATA[amotoorisampletwo@gmail.com]]>
              </value>
            </param>
            <param index="1">
              <value>
                <![CDATA[secondtwo]]>
              </value>
            </param>
            <param index="2">
              <value>
                <![CDATA[valid]]>
              </value>
            </param>
          </params>
          <reporter-output>
          </reporter-output>
        </test-method> <!-- login_with_data_providers -->
        <test-method signature="login_with_data_providers(java.lang.String,java.lang.String,java.lang.String)[pri:0, instance:testCases.TC003_LoginwithDataProvider@31dadd46]" started-at="2025-03-01T22:55:29 IST" name="login_with_data_providers" data-provider="LoginData" finished-at="2025-03-01T22:55:41 IST" duration-ms="11707" status="PASS">
          <params>
            <param index="0">
              <value>
                <![CDATA[amotoorisamplethree@gmail.com]]>
              </value>
            </param>
            <param index="1">
              <value>
                <![CDATA[secondthreee]]>
              </value>
            </param>
            <param index="2">
              <value>
                <![CDATA[invalid]]>
              </value>
            </param>
          </params>
          <reporter-output>
          </reporter-output>
        </test-method> <!-- login_with_data_providers -->
        <test-method signature="login_with_data_providers(java.lang.String,java.lang.String,java.lang.String)[pri:0, instance:testCases.TC003_LoginwithDataProvider@31dadd46]" started-at="2025-03-01T22:55:41 IST" name="login_with_data_providers" data-provider="LoginData" finished-at="2025-03-01T22:55:42 IST" duration-ms="1438" status="FAIL">
          <params>
            <param index="0">
              <value>
                <![CDATA[amotoorisamplethree@gmail.com]]>
              </value>
            </param>
            <param index="1">
              <value>
                <![CDATA[secondthree]]>
              </value>
            </param>
            <param index="2">
              <value>
                <![CDATA[invalid]]>
              </value>
            </param>
          </params>
          <exception class="java.lang.AssertionError">
            <message>
              <![CDATA[expected [true] but found [false]]]>
            </message>
            <full-stacktrace>
              <![CDATA[java.lang.AssertionError: expected [true] but found [false]
at org.testng.Assert.fail(Assert.java:111)
at org.testng.Assert.failNotEquals(Assert.java:1590)
at org.testng.Assert.assertTrue(Assert.java:57)
at org.testng.Assert.assertTrue(Assert.java:67)
at testCases.TC003_LoginwithDataProvider.login_with_data_providers(TC003_LoginwithDataProvider.java:47)
at java.base/jdk.internal.reflect.DirectMethodHandleAccessor.invoke(DirectMethodHandleAccessor.java:103)
at java.base/java.lang.reflect.Method.invoke(Method.java:580)
at org.testng.internal.invokers.MethodInvocationHelper.invokeMethod(MethodInvocationHelper.java:141)
at org.testng.internal.invokers.TestInvoker.invokeMethod(TestInvoker.java:687)
at org.testng.internal.invokers.TestInvoker.invokeTestMethod(TestInvoker.java:230)
at org.testng.internal.invokers.MethodRunner.runInSequence(MethodRunner.java:63)
at org.testng.internal.invokers.TestInvoker$MethodInvocationAgent.invoke(TestInvoker.java:995)
at org.testng.internal.invokers.TestInvoker.invokeTestMethods(TestInvoker.java:203)
at org.testng.internal.invokers.TestMethodWorker.invokeTestMethods(TestMethodWorker.java:154)
at org.testng.internal.invokers.TestMethodWorker.run(TestMethodWorker.java:134)
at java.base/java.util.ArrayList.forEach(ArrayList.java:1596)
at org.testng.TestRunner.privateRun(TestRunner.java:741)
at org.testng.TestRunner.run(TestRunner.java:616)
at org.testng.SuiteRunner.runTest(SuiteRunner.java:421)
at org.testng.SuiteRunner.runSequentially(SuiteRunner.java:413)
at org.testng.SuiteRunner.privateRun(SuiteRunner.java:373)
at org.testng.SuiteRunner.run(SuiteRunner.java:312)
at org.testng.SuiteRunnerWorker.runSuite(SuiteRunnerWorker.java:52)
at org.testng.SuiteRunnerWorker.run(SuiteRunnerWorker.java:95)
at org.testng.TestNG.runSuitesSequentially(TestNG.java:1274)
at org.testng.TestNG.runSuitesLocally(TestNG.java:1208)
at org.testng.TestNG.runSuites(TestNG.java:1112)
at org.testng.TestNG.run(TestNG.java:1079)
at org.testng.remote.AbstractRemoteTestNG.run(AbstractRemoteTestNG.java:115)
at org.testng.remote.RemoteTestNG.initAndRun(RemoteTestNG.java:293)
at org.testng.remote.RemoteTestNG.main(RemoteTestNG.java:91)
]]>
            </full-stacktrace>
          </exception> <!-- java.lang.AssertionError -->
          <reporter-output>
          </reporter-output>
        </test-method> <!-- login_with_data_providers -->
        <test-method signature="login_with_data_providers(java.lang.String,java.lang.String,java.lang.String)[pri:0, instance:testCases.TC003_LoginwithDataProvider@31dadd46]" started-at="2025-03-01T22:55:42 IST" name="login_with_data_providers" data-provider="LoginData" finished-at="2025-03-01T22:55:53 IST" duration-ms="10140" status="FAIL">
          <params>
            <param index="0">
              <value>
                <![CDATA[vidyadevv@gmail.com]]>
              </value>
            </param>
            <param index="1">
              <value>
                <![CDATA[vidya@999]]>
              </value>
            </param>
            <param index="2">
              <value>
                <![CDATA[invalid]]>
              </value>
            </param>
          </params>
          <exception class="java.lang.AssertionError">
            <message>
              <![CDATA[null]]>
            </message>
            <full-stacktrace>
              <![CDATA[java.lang.AssertionError: null
at org.testng.Assert.fail(Assert.java:111)
at org.testng.Assert.fail(Assert.java:116)
at testCases.TC003_LoginwithDataProvider.login_with_data_providers(TC003_LoginwithDataProvider.java:55)
at java.base/jdk.internal.reflect.DirectMethodHandleAccessor.invoke(DirectMethodHandleAccessor.java:103)
at java.base/java.lang.reflect.Method.invoke(Method.java:580)
at org.testng.internal.invokers.MethodInvocationHelper.invokeMethod(MethodInvocationHelper.java:141)
at org.testng.internal.invokers.TestInvoker.invokeMethod(TestInvoker.java:687)
at org.testng.internal.invokers.TestInvoker.invokeTestMethod(TestInvoker.java:230)
at org.testng.internal.invokers.MethodRunner.runInSequence(MethodRunner.java:63)
at org.testng.internal.invokers.TestInvoker$MethodInvocationAgent.invoke(TestInvoker.java:995)
at org.testng.internal.invokers.TestInvoker.invokeTestMethods(TestInvoker.java:203)
at org.testng.internal.invokers.TestMethodWorker.invokeTestMethods(TestMethodWorker.java:154)
at org.testng.internal.invokers.TestMethodWorker.run(TestMethodWorker.java:134)
at java.base/java.util.ArrayList.forEach(ArrayList.java:1596)
at org.testng.TestRunner.privateRun(TestRunner.java:741)
at org.testng.TestRunner.run(TestRunner.java:616)
at org.testng.SuiteRunner.runTest(SuiteRunner.java:421)
at org.testng.SuiteRunner.runSequentially(SuiteRunner.java:413)
at org.testng.SuiteRunner.privateRun(SuiteRunner.java:373)
at org.testng.SuiteRunner.run(SuiteRunner.java:312)
at org.testng.SuiteRunnerWorker.runSuite(SuiteRunnerWorker.java:52)
at org.testng.SuiteRunnerWorker.run(SuiteRunnerWorker.java:95)
at org.testng.TestNG.runSuitesSequentially(TestNG.java:1274)
at org.testng.TestNG.runSuitesLocally(TestNG.java:1208)
at org.testng.TestNG.runSuites(TestNG.java:1112)
at org.testng.TestNG.run(TestNG.java:1079)
at org.testng.remote.AbstractRemoteTestNG.run(AbstractRemoteTestNG.java:115)
at org.testng.remote.RemoteTestNG.initAndRun(RemoteTestNG.java:293)
at org.testng.remote.RemoteTestNG.main(RemoteTestNG.java:91)
]]>
            </full-stacktrace>
          </exception> <!-- java.lang.AssertionError -->
          <reporter-output>
          </reporter-output>
        </test-method> <!-- login_with_data_providers -->
        <test-method is-config="true" signature="tearDown()[pri:0, instance:testCases.TC003_LoginwithDataProvider@31dadd46]" started-at="2025-03-01T22:55:53 IST" name="tearDown" finished-at="2025-03-01T22:55:53 IST" duration-ms="483" status="PASS">
          <reporter-output>
          </reporter-output>
        </test-method> <!-- tearDown -->
      </class> <!-- testCases.TC003_LoginwithDataProvider -->
      <class name="testCases.TC002_LoginWithCreds">
        <test-method is-config="true" signature="setUp(java.lang.String,java.lang.String)[pri:0, instance:testCases.TC002_LoginWithCreds@4ed5eb72]" started-at="2025-03-01T22:55:53 IST" name="setUp" finished-at="2025-03-01T22:56:00 IST" duration-ms="7242" status="PASS">
          <params>
            <param index="0">
              <value>
                <![CDATA[windows]]>
              </value>
            </param>
            <param index="1">
              <value>
                <![CDATA[chrome]]>
              </value>
            </param>
          </params>
          <reporter-output>
          </reporter-output>
        </test-method> <!-- setUp -->
        <test-method signature="login_with_valid_creds()[pri:0, instance:testCases.TC002_LoginWithCreds@4ed5eb72]" started-at="2025-03-01T22:56:00 IST" name="login_with_valid_creds" finished-at="2025-03-01T22:56:02 IST" duration-ms="1544" status="PASS">
          <reporter-output>
          </reporter-output>
        </test-method> <!-- login_with_valid_creds -->
        <test-method is-config="true" signature="tearDown()[pri:0, instance:testCases.TC002_LoginWithCreds@4ed5eb72]" started-at="2025-03-01T22:56:02 IST" name="tearDown" finished-at="2025-03-01T22:56:02 IST" duration-ms="324" status="PASS">
          <reporter-output>
          </reporter-output>
        </test-method> <!-- tearDown -->
      </class> <!-- testCases.TC002_LoginWithCreds -->
    </test> <!-- Test -->
  </suite> <!-- Suite -->
</testng-results>
